<?xml version="1.0" encoding="UTF-8"?>
<testsuite xmlns:xsi="http://www.w3.org/2001/XMLSchema-instance" xsi:noNamespaceSchemaLocation="https://maven.apache.org/surefire/maven-surefire-plugin/xsd/surefire-test-report-3.0.xsd" version="3.0" name="com.codewithakansha.blog.blogappapis.BlogAppApisApplicationTests" time="9.547" tests="2" errors="0" skipped="0" failures="0">
  <properties>
[...]
</properties>
  <testcase name="repoTest" classname="com.codewithakansha.blog.blogappapis.BlogAppApisApplicationTests" time="0.324">
    <system-out><![CDATA[22:16:18.951 [main] INFO org.springframework.test.context.support.AnnotationConfigContextLoaderUtils -- Could not detect default configuration classes for test class [com.codewithakansha.blog.blogappapis.BlogAppApisApplicationTests]: BlogAppApisApplicationTests does not declare any static, non-private, non-final, nested classes annotated with @Configuration.
22:16:19.019 [main] INFO org.springframework.boot.test.context.SpringBootTestContextBootstrapper -- Found @SpringBootConfiguration com.codewithakansha.blog.blogappapis.BlogAppApisApplication for test class com.codewithakansha.blog.blogappapis.BlogAppApisApplicationTests
22:16:19.133 [main] INFO org.springframework.boot.devtools.restart.RestartApplicationListener -- Restart disabled due to context in which it is running

  .   ____          _            __ _ _
 /\\ / ___'_ __ _ _(_)_ __  __ _ \ \ \ \
( ( )\___ | '_ | '_| | '_ \/ _` | \ \ \ \
 \\/  ___)| |_)| | | | | || (_| |  ) ) ) )
  '  |____| .__|_| |_|_| |_\__, | / / / /
 =========|_|==============|___/=/_/_/_/

 :: Spring Boot ::                (v3.3.1)

2024-08-01T22:16:19.286+05:30  INFO 41201 --- [blog-app-apis] [           main] c.c.b.b.BlogAppApisApplicationTests      : Starting BlogAppApisApplicationTests using Java 21.0.1 with PID 41201 (started by akanshasaraswat in /Users/akanshasaraswat/Documents/blog-app-apis)
2024-08-01T22:16:19.287+05:30  INFO 41201 --- [blog-app-apis] [           main] c.c.b.b.BlogAppApisApplicationTests      : The following 1 profile is active: "prod"
2024-08-01T22:16:19.811+05:30  INFO 41201 --- [blog-app-apis] [           main] .s.d.r.c.RepositoryConfigurationDelegate : Bootstrapping Spring Data JPA repositories in DEFAULT mode.
2024-08-01T22:16:19.843+05:30  INFO 41201 --- [blog-app-apis] [           main] .s.d.r.c.RepositoryConfigurationDelegate : Finished Spring Data repository scanning in 29 ms. Found 5 JPA repository interfaces.
2024-08-01T22:16:20.132+05:30  INFO 41201 --- [blog-app-apis] [           main] o.hibernate.jpa.internal.util.LogHelper  : HHH000204: Processing PersistenceUnitInfo [name: default]
2024-08-01T22:16:20.162+05:30  INFO 41201 --- [blog-app-apis] [           main] org.hibernate.Version                    : HHH000412: Hibernate ORM core version 6.5.2.Final
2024-08-01T22:16:20.183+05:30  INFO 41201 --- [blog-app-apis] [           main] o.h.c.internal.RegionFactoryInitiator    : HHH000026: Second-level cache disabled
2024-08-01T22:16:20.331+05:30  INFO 41201 --- [blog-app-apis] [           main] o.s.o.j.p.SpringPersistenceUnitInfo      : No LoadTimeWeaver setup: ignoring JPA class transformer
2024-08-01T22:16:20.344+05:30  INFO 41201 --- [blog-app-apis] [           main] com.zaxxer.hikari.HikariDataSource       : HikariPool-1 - Starting...
2024-08-01T22:16:22.298+05:30  INFO 41201 --- [blog-app-apis] [           main] com.zaxxer.hikari.pool.HikariPool        : HikariPool-1 - Added connection com.mysql.cj.jdbc.ConnectionImpl@1a819901
2024-08-01T22:16:22.300+05:30  INFO 41201 --- [blog-app-apis] [           main] com.zaxxer.hikari.HikariDataSource       : HikariPool-1 - Start completed.
2024-08-01T22:16:22.633+05:30  WARN 41201 --- [blog-app-apis] [           main] org.hibernate.orm.deprecation            : HHH90000025: MySQLDialect does not need to be specified explicitly using 'hibernate.dialect' (remove the property setting and it will be selected by default)
2024-08-01T22:16:23.238+05:30  INFO 41201 --- [blog-app-apis] [           main] o.h.e.t.j.p.i.JtaPlatformInitiator       : HHH000489: No JTA platform available (set 'hibernate.transaction.jta.platform' to enable JTA platform integration)
2024-08-01T22:16:25.979+05:30  INFO 41201 --- [blog-app-apis] [           main] j.LocalContainerEntityManagerFactoryBean : Initialized JPA EntityManagerFactory for persistence unit 'default'
2024-08-01T22:16:26.204+05:30  INFO 41201 --- [blog-app-apis] [           main] r$InitializeUserDetailsManagerConfigurer : Global AuthenticationManager configured with UserDetailsService bean with name customUserDetailService
2024-08-01T22:16:26.249+05:30  INFO 41201 --- [blog-app-apis] [           main] o.s.d.j.r.query.QueryEnhancerFactory     : Hibernate is in classpath; If applicable, HQL parser will be used.
2024-08-01T22:16:26.537+05:30  WARN 41201 --- [blog-app-apis] [           main] JpaBaseConfiguration$JpaWebConfiguration : spring.jpa.open-in-view is enabled by default. Therefore, database queries may be performed during view rendering. Explicitly configure spring.jpa.open-in-view to disable this warning
2024-08-01T22:16:26.709+05:30 DEBUG 41201 --- [blog-app-apis] [           main] edFilterInvocationSecurityMetadataSource : Adding web access control expression [permitAll] for Deferred [Mvc [pattern='/api/v1/auth/**'], Ant [pattern='/api/v1/auth/**']]
2024-08-01T22:16:26.710+05:30 DEBUG 41201 --- [blog-app-apis] [           main] edFilterInvocationSecurityMetadataSource : Adding web access control expression [permitAll] for Deferred [Mvc [pattern='/v3/api-docs'], Ant [pattern='/v3/api-docs']]
2024-08-01T22:16:26.710+05:30 DEBUG 41201 --- [blog-app-apis] [           main] edFilterInvocationSecurityMetadataSource : Adding web access control expression [permitAll] for Deferred [Mvc [pattern='/swagger/resources/**'], Ant [pattern='/swagger/resources/**']]
2024-08-01T22:16:26.710+05:30 DEBUG 41201 --- [blog-app-apis] [           main] edFilterInvocationSecurityMetadataSource : Adding web access control expression [permitAll] for Deferred [Mvc [pattern='/swagger-ui/**'], Ant [pattern='/swagger-ui/**']]
2024-08-01T22:16:26.710+05:30 DEBUG 41201 --- [blog-app-apis] [           main] edFilterInvocationSecurityMetadataSource : Adding web access control expression [permitAll] for Deferred [Mvc [pattern='/webjars/**'], Ant [pattern='/webjars/**']]
2024-08-01T22:16:26.710+05:30 DEBUG 41201 --- [blog-app-apis] [           main] edFilterInvocationSecurityMetadataSource : Adding web access control expression [permitAll] for Deferred [Mvc [pattern='/**', GET], Ant [pattern='/**', GET]]
2024-08-01T22:16:26.710+05:30 DEBUG 41201 --- [blog-app-apis] [           main] edFilterInvocationSecurityMetadataSource : Adding web access control expression [authenticated] for any request
2024-08-01T22:16:26.714+05:30 DEBUG 41201 --- [blog-app-apis] [           main] o.s.s.web.DefaultSecurityFilterChain     : Will secure any request with filters: DisableEncodeUrlFilter, WebAsyncManagerIntegrationFilter, SecurityContextHolderFilter, HeaderWriterFilter, CorsFilter, LogoutFilter, JwtAuthenticationFilter, RequestCacheAwareFilter, SecurityContextHolderAwareRequestFilter, AnonymousAuthenticationFilter, SessionManagementFilter, ExceptionTranslationFilter, FilterSecurityInterceptor
2024-08-01T22:16:26.953+05:30  INFO 41201 --- [blog-app-apis] [           main] c.c.b.b.BlogAppApisApplicationTests      : Started BlogAppApisApplicationTests in 7.826 seconds (process running for 8.443)
$2a$10$/gSo5lNwwcQGzUFimQdnh.Rz02dt83OFXAPNsXq0DAq8e7y.ZYQJ6
Hibernate: select r1_0.id,r1_0.name from role r1_0 where r1_0.id=?
Hibernate: select r1_0.id,r1_0.name from role r1_0 where r1_0.id=?
ADMIN_USER
NORMAL_USER
jdk.proxy2.$Proxy137
jdk.proxy2
]]></system-out>
    <system-err><![CDATA[WARNING: A Java agent has been loaded dynamically (/Users/akanshasaraswat/.m2/repository/net/bytebuddy/byte-buddy-agent/1.14.17/byte-buddy-agent-1.14.17.jar)
WARNING: If a serviceability tool is in use, please run with -XX:+EnableDynamicAgentLoading to hide this warning
WARNING: If a serviceability tool is not in use, please run with -Djdk.instrument.traceUsage for more information
WARNING: Dynamic loading of agents will be disallowed by default in a future release
]]></system-err>
  </testcase>
  <testcase name="contextLoads" classname="com.codewithakansha.blog.blogappapis.BlogAppApisApplicationTests" time="0.003"/>
</testsuite>